Build started 16/01/2011 03:56:28 p.m..
     1>Project "C:\Users\Yosbi Alves\Desktop\Y-Games\Y-G AirHockey\giAirHockey.vcxproj" on node 2 (build target(s)).
     1>InitializeBuildStatus:
         Creating "Debug\giAirHockey.unsuccessfulbuild" because "AlwaysCreate" was specified.
       ClCompile:
         All outputs are up-to-date.
       ResourceCompile:
         All outputs are up-to-date.
       ManifestResourceCompile:
         All outputs are up-to-date.
       Link:
         All outputs are up-to-date.
       Manifest:
         All outputs are up-to-date.
       FinalizeBuildStatus:
         Deleting file "Debug\giAirHockey.unsuccessfulbuild".
         Touching "Debug\giAirHockey.lastbuildstate".
     1>Done Building Project "C:\Users\Yosbi Alves\Desktop\Y-Games\Y-G AirHockey\giAirHockey.vcxproj" (build target(s)).

Build succeeded.

Time Elapsed 00:00:00.45
