C:\USERS\YOSBI ALVES\DESKTOP\NEW FOLDER\DEBUG\AIRHOCKEYGAME.OBJ
C:\USERS\YOSBI ALVES\DESKTOP\NEW FOLDER\DEBUG\BACKBUFFER.OBJ
C:\USERS\YOSBI ALVES\DESKTOP\NEW FOLDER\DEBUG\CIRCLE.OBJ
C:\USERS\YOSBI ALVES\DESKTOP\NEW FOLDER\DEBUG\GIAIRHOCKEY.EXE
C:\USERS\YOSBI ALVES\DESKTOP\NEW FOLDER\DEBUG\GIAIRHOCKEY.EXE.EMBED.MANIFEST
C:\USERS\YOSBI ALVES\DESKTOP\NEW FOLDER\DEBUG\GIAIRHOCKEY.EXE.EMBED.MANIFEST.RES
C:\USERS\YOSBI ALVES\DESKTOP\NEW FOLDER\DEBUG\GIAIRHOCKEY.EXE.INTERMEDIATE.MANIFEST
C:\USERS\YOSBI ALVES\DESKTOP\NEW FOLDER\DEBUG\GIAIRHOCKEY.ILK
C:\USERS\YOSBI ALVES\DESKTOP\NEW FOLDER\DEBUG\GIAIRHOCKEY.PDB
C:\USERS\YOSBI ALVES\DESKTOP\NEW FOLDER\DEBUG\GIAIRHOCKEY.RES
C:\USERS\YOSBI ALVES\DESKTOP\NEW FOLDER\DEBUG\RECT.OBJ
C:\USERS\YOSBI ALVES\DESKTOP\NEW FOLDER\DEBUG\SPRITE.OBJ
C:\USERS\YOSBI ALVES\DESKTOP\NEW FOLDER\DEBUG\VC100.PDB
C:\USERS\YOSBI ALVES\DESKTOP\NEW FOLDER\DEBUG\VEC2.OBJ
C:\USERS\YOSBI ALVES\DESKTOP\NEW FOLDER\DEBUG\Y-G AIRHOCKEY.OBJ
D:\C++\Y-G AirHockey\Debug\AirHockeyGame.obj
D:\C++\Y-G AirHockey\Debug\BackBuffer.obj
D:\C++\Y-G AirHockey\Debug\Circle.obj
D:\C++\Y-G AirHockey\Debug\cl.command.1.tlog
D:\C++\Y-G AirHockey\Debug\CL.read.1.tlog
D:\C++\Y-G AirHockey\Debug\CL.write.1.tlog
D:\C++\Y-G AirHockey\Debug\giAirHockey.exe
D:\C++\Y-G AirHockey\Debug\giAirHockey.exe.embed.manifest
D:\C++\Y-G AirHockey\Debug\giAirHockey.exe.embed.manifest.res
D:\C++\Y-G AirHockey\Debug\giAirHockey.exe.intermediate.manifest
D:\C++\Y-G AirHockey\Debug\giAirHockey.ilk
D:\C++\Y-G AirHockey\Debug\giAirHockey.pdb
D:\C++\Y-G AirHockey\Debug\giAirHockey.res
D:\C++\Y-G AirHockey\Debug\giAirHockey_manifest.rc
D:\C++\Y-G AirHockey\Debug\link.command.1.tlog
D:\C++\Y-G AirHockey\Debug\link.read.1.tlog
D:\C++\Y-G AirHockey\Debug\link.write.1.tlog
D:\C++\Y-G AirHockey\Debug\link-cvtres.read.1.tlog
D:\C++\Y-G AirHockey\Debug\link-cvtres.write.1.tlog
D:\C++\Y-G AirHockey\Debug\mt.command.1.tlog
D:\C++\Y-G AirHockey\Debug\mt.read.1.tlog
D:\C++\Y-G AirHockey\Debug\mt.write.1.tlog
D:\C++\Y-G AirHockey\Debug\rc.command.1.tlog
D:\C++\Y-G AirHockey\Debug\rc.read.1.tlog
D:\C++\Y-G AirHockey\Debug\rc.write.1.tlog
D:\C++\Y-G AirHockey\Debug\Rect.obj
D:\C++\Y-G AirHockey\Debug\Sprite.obj
D:\C++\Y-G AirHockey\Debug\vc100.idb
D:\C++\Y-G AirHockey\Debug\vc100.pdb
D:\C++\Y-G AirHockey\Debug\Vec2.obj
D:\C++\Y-G AirHockey\Debug\Y-G AirHockey.obj
Debug\giAirHockey.ilk
Debug\giAirHockey.pdb
