C:\USERS\YOSBI ALVES\DESKTOP\NEW FOLDER\RELEASE\AIRHOCKEYGAME.OBJ
C:\USERS\YOSBI ALVES\DESKTOP\NEW FOLDER\RELEASE\BACKBUFFER.OBJ
C:\USERS\YOSBI ALVES\DESKTOP\NEW FOLDER\RELEASE\CIRCLE.OBJ
C:\USERS\YOSBI ALVES\DESKTOP\NEW FOLDER\RELEASE\GIAIRHOCKEY.EXE
C:\USERS\YOSBI ALVES\DESKTOP\NEW FOLDER\RELEASE\GIAIRHOCKEY.EXE.INTERMEDIATE.MANIFEST
C:\USERS\YOSBI ALVES\DESKTOP\NEW FOLDER\RELEASE\GIAIRHOCKEY.PDB
C:\USERS\YOSBI ALVES\DESKTOP\NEW FOLDER\RELEASE\GIAIRHOCKEY.RES
C:\USERS\YOSBI ALVES\DESKTOP\NEW FOLDER\RELEASE\RECT.OBJ
C:\USERS\YOSBI ALVES\DESKTOP\NEW FOLDER\RELEASE\SPRITE.OBJ
C:\USERS\YOSBI ALVES\DESKTOP\NEW FOLDER\RELEASE\VC100.PDB
C:\USERS\YOSBI ALVES\DESKTOP\NEW FOLDER\RELEASE\VEC2.OBJ
C:\USERS\YOSBI ALVES\DESKTOP\NEW FOLDER\RELEASE\Y-G AIRHOCKEY.OBJ
D:\C++\Y-G AirHockey\Release\AirHockeyGame.obj
D:\C++\Y-G AirHockey\Release\BackBuffer.obj
D:\C++\Y-G AirHockey\Release\Circle.obj
D:\C++\Y-G AirHockey\Release\cl.command.1.tlog
D:\C++\Y-G AirHockey\Release\CL.read.1.tlog
D:\C++\Y-G AirHockey\Release\CL.write.1.tlog
D:\C++\Y-G AirHockey\Release\giAirHockey.exe
D:\C++\Y-G AirHockey\Release\giAirHockey.exe.intermediate.manifest
D:\C++\Y-G AirHockey\Release\giAirHockey.pdb
D:\C++\Y-G AirHockey\Release\giAirHockey.res
D:\C++\Y-G AirHockey\Release\link.command.1.tlog
D:\C++\Y-G AirHockey\Release\link.read.1.tlog
D:\C++\Y-G AirHockey\Release\link.write.1.tlog
D:\C++\Y-G AirHockey\Release\link-cvtres.read.1.tlog
D:\C++\Y-G AirHockey\Release\link-cvtres.write.1.tlog
D:\C++\Y-G AirHockey\Release\mt.command.1.tlog
D:\C++\Y-G AirHockey\Release\mt.read.1.tlog
D:\C++\Y-G AirHockey\Release\mt.write.1.tlog
D:\C++\Y-G AirHockey\Release\rc.command.1.tlog
D:\C++\Y-G AirHockey\Release\rc.read.1.tlog
D:\C++\Y-G AirHockey\Release\rc.write.1.tlog
D:\C++\Y-G AirHockey\Release\Rect.obj
D:\C++\Y-G AirHockey\Release\Sprite.obj
D:\C++\Y-G AirHockey\Release\vc100.pdb
D:\C++\Y-G AirHockey\Release\Vec2.obj
D:\C++\Y-G AirHockey\Release\Y-G AirHockey.obj
Release\giAirHockey.pdb
